Buildfile: /Users/rashmi/iteration-case-studies/closure-compiler/build.xml

clean:
   [delete] Deleting directory /Users/rashmi/iteration-case-studies/closure-compiler/build

svnversion:

compile:
    [mkdir] Created dir: /Users/rashmi/iteration-case-studies/closure-compiler/build/classes
    [javac] /Users/rashmi/iteration-case-studies/closure-compiler/build.xml:189: warning: 'includeantruntime' was not set, defaulting to build.sysclasspath=last; set to false for repeatable builds
    [javac] Compiling 4 source files to /Users/rashmi/iteration-case-studies/closure-compiler/build/classes
    [javac] /Users/rashmi/iteration-case-studies/closure-compiler/build.xml:195: warning: 'includeantruntime' was not set, defaulting to build.sysclasspath=last; set to false for repeatable builds
    [javac] Compiling 339 source files to /Users/rashmi/iteration-case-studies/closure-compiler/build/classes
    [mkdir] Created dir: /Users/rashmi/iteration-case-studies/closure-compiler/build/classes/rhino_ast/java/com/google/javascript/rhino
     [copy] Copying 1 file to /Users/rashmi/iteration-case-studies/closure-compiler/build/classes/rhino_ast/java/com/google/javascript/rhino
     [copy] Copying 1 file to /Users/rashmi/iteration-case-studies/closure-compiler/build/classes/com/google/javascript/jscomp/parsing
[propertyfile] Updating property file: /Users/rashmi/iteration-case-studies/closure-compiler/build/classes/com/google/javascript/jscomp/parsing/ParserConfig.properties
    [mkdir] Created dir: /Users/rashmi/iteration-case-studies/closure-compiler/build/classes/com/google/javascript/jscomp/js
     [copy] Copying 1 file to /Users/rashmi/iteration-case-studies/closure-compiler/build/classes/com/google/javascript/jscomp/js

check-iteration-jsonml:
    [mkdir] Created dir: /Users/rashmi/iteration-case-studies/closure-compiler/build/jsonml-classes
[jsr308.javac] /Users/rashmi/iteration-case-studies/closure-compiler/build.xml:469: warning: 'includeantruntime' was not set, defaulting to build.sysclasspath=last; set to false for repeatable builds
[jsr308.javac] Compiling 13 source files to /Users/rashmi/iteration-case-studies/closure-compiler/build/jsonml-classes

--------------------------- FALSE POSITIVE --------------------------
[jsr308.javac] /Users/rashmi/iteration-case-studies/closure-compiler/src/com/google/javascript/jscomp/jsonml/JsonMLUtil.java:234: error: [method.invocation.invalid] call to next() not allowed on the given receiver.
[jsr308.javac]         if (!compareElements(itA.next(), itB.next())) {
[jsr308.javac]                                                  ^
[jsr308.javac]   found   : @UnknownHasNext Iterator
[jsr308.javac]   required: @HasNext Iterator

--------------------------- TRUE POSITIVE (KNOWN: mudetect-12) --------------------------
[jsr308.javac] /Users/rashmi/iteration-case-studies/closure-compiler/src/com/google/javascript/jscomp/jsonml/Writer.java:345: error: [method.invocation.invalid] call to next() not allowed on the given receiver.
[jsr308.javac]     Node child = it.next();
[jsr308.javac]                         ^
[jsr308.javac]   found   : @UnknownHasNext Iterator
[jsr308.javac]   required: @HasNext Iterator
[jsr308.javac] 2 errors

BUILD FAILED
/Users/rashmi/iteration-case-studies/closure-compiler/build.xml:469: Compile failed; see the compiler error output for details.

Total time: 14 seconds
